TN:
SF:/Users/elizabethrogers/Dropbox/websites/modules/elr-js-utilities/elr-utility-lib/src/main.js
FN:4,(anonymous_2)
FN:9,elrUtilities
FN:10,each
FN:10,trim
FN:10,isOdd
FN:10,isEven
FN:10,isDate
FN:10,isNumber
FN:10,isAlpha
FN:10,isTime
FN:10,getDataTypes
FN:128,(anonymous_13)
FN:10,generateRandomString
FN:10,checkBlacklist
FN:10,checkLength
FN:10,getText
FN:175,(anonymous_18)
FN:10,getTextArray
FN:185,(anonymous_20)
FN:10,getValue
FN:10,getColumnList
FN:204,(anonymous_23)
FN:10,getListValues
FN:215,(anonymous_25)
FN:10,cleanAlpha
FN:225,(anonymous_27)
FN:10,capitalize
FN:235,(anonymous_29)
FN:10,throttle
FN:244,(anonymous_31)
FN:252,(anonymous_32)
FN:10,clearElement
FN:263,(anonymous_34)
FN:10,clearForm
FN:268,(anonymous_36)
FN:10,cleanString
FN:10,getFormData
FN:288,(anonymous_39)
FN:291,(anonymous_40)
FN:297,(anonymous_41)
FN:301,(anonymous_42)
FN:310,(anonymous_43)
FN:10,createElement
FN:10,toTop
FN:10,killEvent
FN:342,(anonymous_47)
FN:347,(anonymous_48)
FN:10,scrollToView
FN:358,showElement
FN:10,strToArray
FN:375,(anonymous_52)
FN:10,isArray
FN:10,isArrayLike
FN:10,unique
FN:389,(anonymous_56)
FN:10,inArray
FN:10,toArray
FN:400,(anonymous_59)
FN:10,createArrays
FN:414,(anonymous_61)
FN:10,concatArrays
FN:424,(anonymous_63)
FN:10,sortValues
FN:10,sortComplexList
FN:453,(anonymous_66)
FN:456,(anonymous_67)
FN:467,(anonymous_68)
FN:470,(anonymous_69)
FN:481,(anonymous_70)
FN:10,sortDate
FN:488,sort
FN:10,parseTime
FN:10,sortTime
FN:523,sort
FN:10,sortAlpha
FN:538,sort
FN:10,sortNumber
FN:548,sort
FN:10,sortColumnDate
FN:558,sort
FN:10,sortColumnTime
FN:575,sort
FN:10,sortColumnAlpha
FN:593,sort
FN:10,sortColumnNumber
FN:603,sort
FN:10,scrollSpy
FN:617,(anonymous_89)
FN:10,getPosition
FN:10,findPositions
FN:640,(anonymous_92)
FN:10,openInTab
FN:671,(anonymous_94)
FN:10,isMobile
FN:10,randomClass
FN:682,(anonymous_97)
FN:10,gotoSection
FN:10,closest
FN:10,eq
FN:735,checkCollectionLength
FN:10,index
FN:10,matches
FN:10,not
FN:10,even
FN:10,odd
FN:10,data
FN:10,first
FN:10,last
FN:10,parent
FN:10,parents
FNF:110
FNH:32
FNDA:0,(anonymous_2)
FNDA:1,elrUtilities
FNDA:15,each
FNDA:5,trim
FNDA:2,isOdd
FNDA:2,isEven
FNDA:19,isDate
FNDA:14,isNumber
FNDA:9,isAlpha
FNDA:16,isTime
FNDA:4,getDataTypes
FNDA:11,(anonymous_13)
FNDA:3,generateRandomString
FNDA:3,checkBlacklist
FNDA:2,checkLength
FNDA:0,getText
FNDA:0,(anonymous_18)
FNDA:0,getTextArray
FNDA:0,(anonymous_20)
FNDA:0,getValue
FNDA:0,getColumnList
FNDA:0,(anonymous_23)
FNDA:0,getListValues
FNDA:0,(anonymous_25)
FNDA:5,cleanAlpha
FNDA:8,(anonymous_27)
FNDA:1,capitalize
FNDA:2,(anonymous_29)
FNDA:0,throttle
FNDA:0,(anonymous_31)
FNDA:0,(anonymous_32)
FNDA:0,clearElement
FNDA:0,(anonymous_34)
FNDA:0,clearForm
FNDA:0,(anonymous_36)
FNDA:1,cleanString
FNDA:0,getFormData
FNDA:0,(anonymous_39)
FNDA:0,(anonymous_40)
FNDA:0,(anonymous_41)
FNDA:0,(anonymous_42)
FNDA:0,(anonymous_43)
FNDA:0,createElement
FNDA:0,toTop
FNDA:0,killEvent
FNDA:0,(anonymous_47)
FNDA:0,(anonymous_48)
FNDA:0,scrollToView
FNDA:0,showElement
FNDA:2,strToArray
FNDA:8,(anonymous_52)
FNDA:4,isArray
FNDA:15,isArrayLike
FNDA:6,unique
FNDA:24,(anonymous_56)
FNDA:7,inArray
FNDA:1,toArray
FNDA:3,(anonymous_59)
FNDA:1,createArrays
FNDA:3,(anonymous_61)
FNDA:1,concatArrays
FNDA:3,(anonymous_63)
FNDA:0,sortValues
FNDA:0,sortComplexList
FNDA:0,(anonymous_66)
FNDA:0,(anonymous_67)
FNDA:0,(anonymous_68)
FNDA:0,(anonymous_69)
FNDA:0,(anonymous_70)
FNDA:0,sortDate
FNDA:0,sort
FNDA:0,parseTime
FNDA:0,sortTime
FNDA:0,sort
FNDA:0,sortAlpha
FNDA:0,sort
FNDA:0,sortNumber
FNDA:0,sort
FNDA:0,sortColumnDate
FNDA:0,sort
FNDA:0,sortColumnTime
FNDA:0,sort
FNDA:0,sortColumnAlpha
FNDA:0,sort
FNDA:0,sortColumnNumber
FNDA:0,sort
FNDA:0,scrollSpy
FNDA:0,(anonymous_89)
FNDA:0,getPosition
FNDA:0,findPositions
FNDA:0,(anonymous_92)
FNDA:0,openInTab
FNDA:0,(anonymous_94)
FNDA:0,isMobile
FNDA:0,randomClass
FNDA:0,(anonymous_97)
FNDA:0,gotoSection
FNDA:0,closest
FNDA:0,eq
FNDA:0,checkCollectionLength
FNDA:0,index
FNDA:0,matches
FNDA:0,not
FNDA:0,even
FNDA:0,odd
FNDA:0,data
FNDA:0,first
FNDA:0,last
FNDA:0,parent
FNDA:0,parents
DA:1,1
DA:3,1
DA:4,1
DA:5,0
DA:9,1
DA:10,1
DA:66,15
DA:67,15
DA:68,15
DA:70,15
DA:71,11
DA:72,29
DA:73,0
DA:77,4
DA:78,13
DA:79,0
DA:84,15
DA:87,5
DA:88,4
DA:91,1
DA:94,2
DA:97,2
DA:111,19
DA:114,14
DA:117,9
DA:120,16
DA:122,4
DA:123,4
DA:125,4
DA:126,1
DA:128,3
DA:129,11
DA:130,0
DA:133,11
DA:134,1
DA:135,10
DA:136,1
DA:137,9
DA:138,5
DA:139,4
DA:140,4
DA:142,0
DA:147,4
DA:149,6
DA:150,3
DA:152,3
DA:153,19
DA:156,3
DA:159,3
DA:160,3
DA:163,0
DA:166,2
DA:167,2
DA:170,0
DA:172,0
DA:173,0
DA:175,0
DA:176,0
DA:177,0
DA:180,0
DA:183,0
DA:185,0
DA:186,0
DA:187,0
DA:190,0
DA:193,0
DA:195,0
DA:196,0
DA:199,0
DA:202,0
DA:204,0
DA:205,0
DA:207,0
DA:210,0
DA:213,0
DA:215,0
DA:216,0
DA:218,0
DA:221,0
DA:224,5
DA:225,5
DA:226,8
DA:227,8
DA:229,8
DA:232,5
DA:235,1
DA:236,2
DA:240,0
DA:241,0
DA:242,0
DA:244,0
DA:245,0
DA:246,0
DA:247,0
DA:249,0
DA:251,0
DA:252,0
DA:253,0
DA:254,0
DA:257,0
DA:258,0
DA:262,0
DA:263,0
DA:264,0
DA:268,0
DA:269,0
DA:270,0
DA:271,0
DA:273,0
DA:278,1
DA:279,1
DA:284,0
DA:285,0
DA:286,0
DA:288,0
DA:289,0
DA:291,0
DA:292,0
DA:295,0
DA:297,0
DA:298,0
DA:299,0
DA:301,0
DA:302,0
DA:305,0
DA:306,0
DA:310,0
DA:311,0
DA:312,0
DA:313,0
DA:314,0
DA:316,0
DA:317,0
DA:319,0
DA:322,0
DA:323,0
DA:326,0
DA:329,0
DA:332,0
DA:333,0
DA:336,0
DA:340,0
DA:341,0
DA:342,0
DA:343,0
DA:347,0
DA:348,0
DA:357,0
DA:358,0
DA:359,0
DA:360,0
DA:362,0
DA:363,0
DA:364,0
DA:365,0
DA:369,0
DA:372,2
DA:373,2
DA:375,2
DA:376,8
DA:379,2
DA:382,4
DA:385,15
DA:389,6
DA:390,24
DA:394,7
DA:397,1
DA:398,1
DA:400,1
DA:401,3
DA:403,3
DA:404,0
DA:407,3
DA:410,1
DA:413,1
DA:414,1
DA:415,3
DA:418,1
DA:422,1
DA:424,1
DA:425,3
DA:428,1
DA:431,0
DA:432,0
DA:433,0
DA:434,0
DA:435,0
DA:436,0
DA:437,0
DA:438,0
DA:442,0
DA:444,0
DA:445,0
DA:446,0
DA:449,0
DA:453,0
DA:454,0
DA:456,0
DA:457,0
DA:458,0
DA:460,0
DA:461,0
DA:463,0
DA:467,0
DA:468,0
DA:470,0
DA:471,0
DA:473,0
DA:474,0
DA:481,0
DA:482,0
DA:485,0
DA:487,0
DA:488,0
DA:489,0
DA:490,0
DA:491,0
DA:494,0
DA:497,0
DA:501,0
DA:502,0
DA:503,0
DA:505,0
DA:506,0
DA:508,0
DA:509,0
DA:510,0
DA:511,0
DA:514,0
DA:516,0
DA:517,0
DA:520,0
DA:522,0
DA:523,0
DA:524,0
DA:525,0
DA:527,0
DA:528,0
DA:529,0
DA:532,0
DA:535,0
DA:537,0
DA:538,0
DA:539,0
DA:540,0
DA:542,0
DA:545,0
DA:547,0
DA:548,0
DA:549,0
DA:550,0
DA:552,0
DA:555,0
DA:557,0
DA:558,0
DA:559,0
DA:560,0
DA:562,0
DA:563,0
DA:564,0
DA:566,0
DA:569,0
DA:572,0
DA:574,0
DA:575,0
DA:576,0
DA:577,0
DA:579,0
DA:580,0
DA:581,0
DA:583,0
DA:586,0
DA:589,0
DA:591,0
DA:592,0
DA:593,0
DA:594,0
DA:595,0
DA:597,0
DA:600,0
DA:602,0
DA:603,0
DA:604,0
DA:605,0
DA:607,0
DA:610,0
DA:613,0
DA:614,0
DA:615,0
DA:617,0
DA:618,0
DA:619,0
DA:620,0
DA:621,0
DA:623,0
DA:624,0
DA:629,0
DA:630,0
DA:633,0
DA:636,0
DA:637,0
DA:640,0
DA:641,0
DA:642,0
DA:643,0
DA:646,0
DA:647,0
DA:648,0
DA:651,0
DA:655,0
DA:660,0
DA:661,0
DA:663,0
DA:667,0
DA:671,0
DA:672,0
DA:673,0
DA:676,0
DA:677,0
DA:681,0
DA:682,0
DA:683,0
DA:686,0
DA:691,0
DA:693,0
DA:697,0
DA:700,0
DA:701,0
DA:702,0
DA:703,0
DA:705,0
DA:706,0
DA:707,0
DA:710,0
DA:713,0
DA:715,0
DA:729,0
DA:731,0
DA:733,0
DA:735,0
DA:737,0
DA:738,0
DA:740,0
DA:743,0
DA:746,0
DA:748,0
DA:750,0
DA:754,0
DA:756,0
DA:759,0
DA:761,0
DA:762,0
DA:764,0
DA:769,0
DA:771,0
DA:772,0
DA:773,0
DA:777,0
DA:780,0
DA:782,0
DA:783,0
DA:784,0
DA:788,0
DA:791,0
DA:793,0
DA:794,0
DA:795,0
DA:799,0
DA:803,0
DA:805,0
DA:806,0
DA:809,0
DA:811,0
DA:815,0
DA:819,0
DA:820,0
DA:823,0
DA:826,0
DA:829,0
DA:831,0
DA:832,0
DA:833,0
DA:835,0
DA:839,0
DA:842,0
DA:843,0
DA:844,0
DA:846,0
DA:847,0
DA:848,0
DA:851,0
DA:854,0
DA:908,1
LF:393
LH:83
BRDA:3,0,0,1
BRDA:3,0,1,0
BRDA:70,1,0,11
BRDA:70,1,1,4
BRDA:72,2,0,0
BRDA:72,2,1,29
BRDA:78,3,0,0
BRDA:78,3,1,13
BRDA:87,4,0,4
BRDA:87,4,1,1
BRDA:88,5,0,0
BRDA:88,5,1,4
BRDA:111,6,0,5
BRDA:111,6,1,14
BRDA:114,7,0,8
BRDA:114,7,1,6
BRDA:117,8,0,7
BRDA:117,8,1,2
BRDA:120,9,0,4
BRDA:120,9,1,12
BRDA:122,10,0,1
BRDA:122,10,1,3
BRDA:122,11,0,4
BRDA:122,11,1,1
BRDA:125,12,0,1
BRDA:125,12,1,3
BRDA:129,13,0,0
BRDA:129,13,1,11
BRDA:133,14,0,1
BRDA:133,14,1,10
BRDA:135,15,0,1
BRDA:135,15,1,9
BRDA:137,16,0,5
BRDA:137,16,1,4
BRDA:139,17,0,4
BRDA:139,17,1,0
BRDA:149,18,0,3
BRDA:149,18,1,0
BRDA:149,19,0,3
BRDA:149,19,1,3
BRDA:149,20,0,0
BRDA:149,20,1,3
BRDA:149,21,0,3
BRDA:149,21,1,0
BRDA:159,22,0,3
BRDA:159,22,1,0
BRDA:166,23,0,2
BRDA:166,23,1,0
BRDA:167,24,0,1
BRDA:167,24,1,1
BRDA:172,25,0,0
BRDA:172,25,1,0
BRDA:172,26,0,0
BRDA:172,26,1,0
BRDA:176,27,0,0
BRDA:176,27,1,0
BRDA:186,28,0,0
BRDA:186,28,1,0
BRDA:195,29,0,0
BRDA:195,29,1,0
BRDA:224,30,0,2
BRDA:224,30,1,3
BRDA:224,31,0,5
BRDA:224,31,1,2
BRDA:240,32,0,0
BRDA:240,32,1,0
BRDA:240,33,0,0
BRDA:240,33,1,0
BRDA:245,34,0,0
BRDA:245,34,1,0
BRDA:249,35,0,0
BRDA:249,35,1,0
BRDA:249,36,0,0
BRDA:249,36,1,0
BRDA:262,37,0,0
BRDA:262,37,1,0
BRDA:262,38,0,0
BRDA:262,38,1,0
BRDA:270,39,0,0
BRDA:270,39,1,0
BRDA:288,40,0,0
BRDA:288,40,1,0
BRDA:316,41,0,0
BRDA:316,41,1,0
BRDA:322,42,0,0
BRDA:322,42,1,0
BRDA:332,43,0,0
BRDA:332,43,1,0
BRDA:332,44,0,0
BRDA:332,44,1,0
BRDA:340,45,0,0
BRDA:340,45,1,0
BRDA:340,46,0,0
BRDA:340,46,1,0
BRDA:341,47,0,0
BRDA:341,47,1,0
BRDA:357,48,0,0
BRDA:357,48,1,0
BRDA:357,49,0,0
BRDA:357,49,1,0
BRDA:362,50,0,0
BRDA:362,50,1,0
BRDA:364,51,0,0
BRDA:364,51,1,0
BRDA:385,52,0,15
BRDA:385,52,1,15
BRDA:385,52,2,15
BRDA:385,52,3,15
BRDA:385,52,4,11
BRDA:385,52,5,11
BRDA:385,53,0,0
BRDA:385,53,1,15
BRDA:394,54,0,0
BRDA:394,54,1,7
BRDA:397,55,0,0
BRDA:397,55,1,1
BRDA:397,56,0,1
BRDA:397,56,1,0
BRDA:403,57,0,0
BRDA:403,57,1,3
BRDA:413,58,0,0
BRDA:413,58,1,1
BRDA:413,59,0,1
BRDA:413,59,1,0
BRDA:431,60,0,0
BRDA:431,60,1,0
BRDA:431,61,0,0
BRDA:431,61,1,0
BRDA:432,62,0,0
BRDA:432,62,1,0
BRDA:433,63,0,0
BRDA:433,63,1,0
BRDA:434,64,0,0
BRDA:434,64,1,0
BRDA:435,65,0,0
BRDA:435,65,1,0
BRDA:436,66,0,0
BRDA:436,66,1,0
BRDA:437,67,0,0
BRDA:437,67,1,0
BRDA:442,68,0,0
BRDA:442,68,1,0
BRDA:444,69,0,0
BRDA:444,69,1,0
BRDA:444,70,0,0
BRDA:444,70,1,0
BRDA:460,71,0,0
BRDA:460,71,1,0
BRDA:473,72,0,0
BRDA:473,72,1,0
BRDA:489,73,0,0
BRDA:489,73,1,0
BRDA:489,74,0,0
BRDA:489,74,1,0
BRDA:505,75,0,0
BRDA:505,75,1,0
BRDA:508,76,0,0
BRDA:508,76,1,0
BRDA:510,77,0,0
BRDA:510,77,1,0
BRDA:516,78,0,0
BRDA:516,78,1,0
BRDA:527,79,0,0
BRDA:527,79,1,0
BRDA:527,80,0,0
BRDA:527,80,1,0
BRDA:562,81,0,0
BRDA:562,81,1,0
BRDA:562,82,0,0
BRDA:562,82,1,0
BRDA:579,83,0,0
BRDA:579,83,1,0
BRDA:579,84,0,0
BRDA:579,84,1,0
BRDA:618,85,0,0
BRDA:618,85,1,0
BRDA:621,86,0,0
BRDA:621,86,1,0
BRDA:629,87,0,0
BRDA:629,87,1,0
BRDA:646,88,0,0
BRDA:646,88,1,0
BRDA:648,89,0,0
BRDA:648,89,1,0
BRDA:660,90,0,0
BRDA:660,90,1,0
BRDA:676,91,0,0
BRDA:676,91,1,0
BRDA:676,92,0,0
BRDA:676,92,1,0
BRDA:677,93,0,0
BRDA:677,93,1,0
BRDA:681,94,0,0
BRDA:681,94,1,0
BRDA:681,95,0,0
BRDA:681,95,1,0
BRDA:701,96,0,0
BRDA:701,96,1,0
BRDA:706,97,0,0
BRDA:706,97,1,0
BRDA:731,98,0,0
BRDA:731,98,1,0
BRDA:737,99,0,0
BRDA:737,99,1,0
BRDA:746,100,0,0
BRDA:746,100,1,0
BRDA:759,101,0,0
BRDA:759,101,1,0
BRDA:761,102,0,0
BRDA:761,102,1,0
BRDA:772,103,0,0
BRDA:772,103,1,0
BRDA:783,104,0,0
BRDA:783,104,1,0
BRDA:794,105,0,0
BRDA:794,105,1,0
BRDA:805,106,0,0
BRDA:805,106,1,0
BRDA:819,107,0,0
BRDA:819,107,1,0
BRDA:826,108,0,0
BRDA:826,108,1,0
BRDA:826,109,0,0
BRDA:826,109,1,0
BRDA:832,110,0,0
BRDA:832,110,1,0
BRDA:842,111,0,0
BRDA:842,111,1,0
BRDA:842,112,0,0
BRDA:842,112,1,0
BRDA:847,113,0,0
BRDA:847,113,1,0
BRDA:847,114,0,0
BRDA:847,114,1,0
BRDA:847,114,2,0
BRF:235
BRH:56
end_of_record
