TN:
SF:/Users/elizabethrogers/Dropbox/websites/modules/elr-js-utilities/elr-utility-lib/src/main.js
FN:4,(anonymous_2)
FN:9,elrUtilities
FN:10,each
FN:10,trim
FN:10,isOdd
FN:10,isEven
FN:10,isDate
FN:10,isNumber
FN:10,isAlpha
FN:10,isTime
FN:10,getDataTypes
FN:128,(anonymous_13)
FN:10,generateRandomString
FN:10,checkBlacklist
FN:10,checkLength
FN:10,getText
FN:175,(anonymous_18)
FN:10,getTextArray
FN:185,(anonymous_20)
FN:10,getValue
FN:10,getColumnList
FN:204,(anonymous_23)
FN:10,getListValues
FN:215,(anonymous_25)
FN:10,cleanAlpha
FN:225,(anonymous_27)
FN:10,capitalize
FN:235,(anonymous_29)
FN:10,throttle
FN:244,(anonymous_31)
FN:252,(anonymous_32)
FN:10,clearElement
FN:263,(anonymous_34)
FN:10,clearForm
FN:268,(anonymous_36)
FN:10,cleanString
FN:10,getFormData
FN:288,(anonymous_39)
FN:291,(anonymous_40)
FN:297,(anonymous_41)
FN:301,(anonymous_42)
FN:310,(anonymous_43)
FN:10,createElement
FN:10,toTop
FN:10,killEvent
FN:342,(anonymous_47)
FN:347,(anonymous_48)
FN:10,scrollToView
FN:358,showElement
FN:10,strToArray
FN:375,(anonymous_52)
FN:10,isArray
FN:10,isArrayLike
FN:10,unique
FN:389,(anonymous_56)
FN:10,inArray
FN:10,toArray
FN:400,(anonymous_59)
FN:10,createArrays
FN:414,(anonymous_61)
FN:10,concatArrays
FN:424,(anonymous_63)
FN:10,sortValues
FN:10,sortComplexList
FN:453,(anonymous_66)
FN:456,(anonymous_67)
FN:467,(anonymous_68)
FN:470,(anonymous_69)
FN:481,(anonymous_70)
FN:10,sortDate
FN:495,sort
FN:10,parseTime
FN:10,sortTime
FN:530,sort
FN:10,sortAlpha
FN:545,sort
FN:10,sortNumber
FN:555,sort
FN:10,sortColumnDate
FN:565,sort
FN:10,sortColumnTime
FN:582,sort
FN:10,sortColumnAlpha
FN:600,sort
FN:10,sortColumnNumber
FN:610,sort
FN:10,scrollSpy
FN:624,(anonymous_89)
FN:10,getPosition
FN:10,findPositions
FN:647,(anonymous_92)
FN:10,openInTab
FN:678,(anonymous_94)
FN:10,isMobile
FN:10,randomClass
FN:689,(anonymous_97)
FN:10,gotoSection
FN:10,closest
FN:10,eq
FN:742,checkCollectionLength
FN:10,index
FN:10,matches
FN:10,not
FN:10,even
FN:10,odd
FN:10,data
FN:10,first
FN:10,last
FN:10,parent
FN:10,parents
FNF:110
FNH:26
FNDA:0,(anonymous_2)
FNDA:1,elrUtilities
FNDA:12,each
FNDA:12,trim
FNDA:2,isOdd
FNDA:2,isEven
FNDA:19,isDate
FNDA:14,isNumber
FNDA:9,isAlpha
FNDA:16,isTime
FNDA:4,getDataTypes
FNDA:11,(anonymous_13)
FNDA:3,generateRandomString
FNDA:3,checkBlacklist
FNDA:2,checkLength
FNDA:0,getText
FNDA:0,(anonymous_18)
FNDA:0,getTextArray
FNDA:0,(anonymous_20)
FNDA:0,getValue
FNDA:0,getColumnList
FNDA:0,(anonymous_23)
FNDA:0,getListValues
FNDA:0,(anonymous_25)
FNDA:5,cleanAlpha
FNDA:8,(anonymous_27)
FNDA:1,capitalize
FNDA:2,(anonymous_29)
FNDA:0,throttle
FNDA:0,(anonymous_31)
FNDA:0,(anonymous_32)
FNDA:0,clearElement
FNDA:0,(anonymous_34)
FNDA:0,clearForm
FNDA:0,(anonymous_36)
FNDA:1,cleanString
FNDA:0,getFormData
FNDA:0,(anonymous_39)
FNDA:0,(anonymous_40)
FNDA:0,(anonymous_41)
FNDA:0,(anonymous_42)
FNDA:0,(anonymous_43)
FNDA:0,createElement
FNDA:0,toTop
FNDA:0,killEvent
FNDA:0,(anonymous_47)
FNDA:0,(anonymous_48)
FNDA:0,scrollToView
FNDA:0,showElement
FNDA:2,strToArray
FNDA:8,(anonymous_52)
FNDA:4,isArray
FNDA:12,isArrayLike
FNDA:4,unique
FNDA:12,(anonymous_56)
FNDA:3,inArray
FNDA:0,toArray
FNDA:0,(anonymous_59)
FNDA:0,createArrays
FNDA:0,(anonymous_61)
FNDA:0,concatArrays
FNDA:0,(anonymous_63)
FNDA:0,sortValues
FNDA:0,sortComplexList
FNDA:0,(anonymous_66)
FNDA:0,(anonymous_67)
FNDA:0,(anonymous_68)
FNDA:0,(anonymous_69)
FNDA:0,(anonymous_70)
FNDA:0,sortDate
FNDA:0,sort
FNDA:0,parseTime
FNDA:0,sortTime
FNDA:0,sort
FNDA:0,sortAlpha
FNDA:0,sort
FNDA:0,sortNumber
FNDA:0,sort
FNDA:0,sortColumnDate
FNDA:0,sort
FNDA:0,sortColumnTime
FNDA:0,sort
FNDA:0,sortColumnAlpha
FNDA:0,sort
FNDA:0,sortColumnNumber
FNDA:0,sort
FNDA:0,scrollSpy
FNDA:0,(anonymous_89)
FNDA:0,getPosition
FNDA:0,findPositions
FNDA:0,(anonymous_92)
FNDA:0,openInTab
FNDA:0,(anonymous_94)
FNDA:0,isMobile
FNDA:0,randomClass
FNDA:0,(anonymous_97)
FNDA:0,gotoSection
FNDA:0,closest
FNDA:0,eq
FNDA:0,checkCollectionLength
FNDA:0,index
FNDA:0,matches
FNDA:0,not
FNDA:0,even
FNDA:0,odd
FNDA:0,data
FNDA:0,first
FNDA:0,last
FNDA:0,parent
FNDA:0,parents
DA:1,1
DA:3,1
DA:4,1
DA:5,0
DA:9,1
DA:10,1
DA:66,12
DA:67,12
DA:68,12
DA:70,12
DA:71,10
DA:72,26
DA:73,0
DA:77,2
DA:78,7
DA:79,0
DA:84,12
DA:87,12
DA:88,12
DA:91,0
DA:94,2
DA:97,2
DA:111,19
DA:114,14
DA:117,9
DA:120,16
DA:122,4
DA:123,4
DA:125,4
DA:126,1
DA:128,3
DA:129,11
DA:130,0
DA:133,11
DA:134,1
DA:135,10
DA:136,1
DA:137,9
DA:138,5
DA:139,4
DA:140,4
DA:142,0
DA:147,4
DA:149,6
DA:150,3
DA:152,3
DA:153,19
DA:156,3
DA:159,3
DA:160,3
DA:163,0
DA:166,2
DA:167,2
DA:170,0
DA:172,0
DA:173,0
DA:175,0
DA:176,0
DA:177,0
DA:180,0
DA:183,0
DA:185,0
DA:186,0
DA:187,0
DA:190,0
DA:193,0
DA:195,0
DA:196,0
DA:199,0
DA:202,0
DA:204,0
DA:205,0
DA:207,0
DA:210,0
DA:213,0
DA:215,0
DA:216,0
DA:218,0
DA:221,0
DA:224,5
DA:225,5
DA:226,8
DA:227,8
DA:229,8
DA:232,5
DA:235,1
DA:236,2
DA:240,0
DA:241,0
DA:242,0
DA:244,0
DA:245,0
DA:246,0
DA:247,0
DA:249,0
DA:251,0
DA:252,0
DA:253,0
DA:254,0
DA:257,0
DA:258,0
DA:262,0
DA:263,0
DA:264,0
DA:268,0
DA:269,0
DA:270,0
DA:271,0
DA:273,0
DA:278,1
DA:279,1
DA:284,0
DA:285,0
DA:286,0
DA:288,0
DA:289,0
DA:291,0
DA:292,0
DA:295,0
DA:297,0
DA:298,0
DA:299,0
DA:301,0
DA:302,0
DA:305,0
DA:306,0
DA:310,0
DA:311,0
DA:312,0
DA:313,0
DA:314,0
DA:316,0
DA:317,0
DA:319,0
DA:322,0
DA:323,0
DA:326,0
DA:329,0
DA:332,0
DA:333,0
DA:336,0
DA:340,0
DA:341,0
DA:342,0
DA:343,0
DA:347,0
DA:348,0
DA:357,0
DA:358,0
DA:359,0
DA:360,0
DA:362,0
DA:363,0
DA:364,0
DA:365,0
DA:369,0
DA:372,2
DA:373,2
DA:375,2
DA:376,8
DA:379,2
DA:382,4
DA:385,12
DA:389,4
DA:390,12
DA:394,3
DA:397,0
DA:398,0
DA:400,0
DA:401,0
DA:403,0
DA:404,0
DA:407,0
DA:410,0
DA:414,0
DA:415,0
DA:418,0
DA:422,0
DA:424,0
DA:425,0
DA:428,0
DA:431,0
DA:432,0
DA:433,0
DA:434,0
DA:435,0
DA:436,0
DA:437,0
DA:438,0
DA:442,0
DA:444,0
DA:445,0
DA:446,0
DA:449,0
DA:453,0
DA:454,0
DA:456,0
DA:457,0
DA:458,0
DA:460,0
DA:461,0
DA:463,0
DA:467,0
DA:468,0
DA:470,0
DA:471,0
DA:473,0
DA:474,0
DA:481,0
DA:482,0
DA:492,0
DA:494,0
DA:495,0
DA:496,0
DA:497,0
DA:498,0
DA:501,0
DA:504,0
DA:508,0
DA:509,0
DA:510,0
DA:512,0
DA:513,0
DA:515,0
DA:516,0
DA:517,0
DA:518,0
DA:521,0
DA:523,0
DA:524,0
DA:527,0
DA:529,0
DA:530,0
DA:531,0
DA:532,0
DA:534,0
DA:535,0
DA:536,0
DA:539,0
DA:542,0
DA:544,0
DA:545,0
DA:546,0
DA:547,0
DA:549,0
DA:552,0
DA:554,0
DA:555,0
DA:556,0
DA:557,0
DA:559,0
DA:562,0
DA:564,0
DA:565,0
DA:566,0
DA:567,0
DA:569,0
DA:570,0
DA:571,0
DA:573,0
DA:576,0
DA:579,0
DA:581,0
DA:582,0
DA:583,0
DA:584,0
DA:586,0
DA:587,0
DA:588,0
DA:590,0
DA:593,0
DA:596,0
DA:598,0
DA:599,0
DA:600,0
DA:601,0
DA:602,0
DA:604,0
DA:607,0
DA:609,0
DA:610,0
DA:611,0
DA:612,0
DA:614,0
DA:617,0
DA:620,0
DA:621,0
DA:622,0
DA:624,0
DA:625,0
DA:626,0
DA:627,0
DA:628,0
DA:630,0
DA:631,0
DA:636,0
DA:637,0
DA:640,0
DA:643,0
DA:644,0
DA:647,0
DA:648,0
DA:649,0
DA:650,0
DA:653,0
DA:654,0
DA:655,0
DA:658,0
DA:662,0
DA:667,0
DA:668,0
DA:670,0
DA:674,0
DA:678,0
DA:679,0
DA:680,0
DA:683,0
DA:684,0
DA:688,0
DA:689,0
DA:690,0
DA:693,0
DA:698,0
DA:700,0
DA:704,0
DA:707,0
DA:708,0
DA:709,0
DA:710,0
DA:712,0
DA:713,0
DA:714,0
DA:717,0
DA:720,0
DA:722,0
DA:736,0
DA:738,0
DA:740,0
DA:742,0
DA:744,0
DA:745,0
DA:747,0
DA:750,0
DA:753,0
DA:755,0
DA:757,0
DA:761,0
DA:763,0
DA:766,0
DA:768,0
DA:769,0
DA:771,0
DA:776,0
DA:778,0
DA:779,0
DA:780,0
DA:784,0
DA:787,0
DA:789,0
DA:790,0
DA:791,0
DA:795,0
DA:798,0
DA:800,0
DA:801,0
DA:802,0
DA:806,0
DA:810,0
DA:812,0
DA:813,0
DA:816,0
DA:818,0
DA:822,0
DA:826,0
DA:827,0
DA:830,0
DA:833,0
DA:836,0
DA:838,0
DA:839,0
DA:840,0
DA:842,0
DA:846,0
DA:849,0
DA:850,0
DA:851,0
DA:853,0
DA:854,0
DA:855,0
DA:858,0
DA:861,0
DA:915,1
LF:392
LH:67
BRDA:3,0,0,1
BRDA:3,0,1,0
BRDA:70,1,0,10
BRDA:70,1,1,2
BRDA:72,2,0,0
BRDA:72,2,1,26
BRDA:78,3,0,0
BRDA:78,3,1,7
BRDA:87,4,0,12
BRDA:87,4,1,0
BRDA:88,5,0,0
BRDA:88,5,1,12
BRDA:111,6,0,5
BRDA:111,6,1,14
BRDA:114,7,0,8
BRDA:114,7,1,6
BRDA:117,8,0,7
BRDA:117,8,1,2
BRDA:120,9,0,4
BRDA:120,9,1,12
BRDA:122,10,0,1
BRDA:122,10,1,3
BRDA:122,11,0,4
BRDA:122,11,1,1
BRDA:125,12,0,1
BRDA:125,12,1,3
BRDA:129,13,0,0
BRDA:129,13,1,11
BRDA:133,14,0,1
BRDA:133,14,1,10
BRDA:135,15,0,1
BRDA:135,15,1,9
BRDA:137,16,0,5
BRDA:137,16,1,4
BRDA:139,17,0,4
BRDA:139,17,1,0
BRDA:149,18,0,3
BRDA:149,18,1,0
BRDA:149,19,0,3
BRDA:149,19,1,3
BRDA:149,20,0,0
BRDA:149,20,1,3
BRDA:149,21,0,3
BRDA:149,21,1,0
BRDA:159,22,0,3
BRDA:159,22,1,0
BRDA:166,23,0,2
BRDA:166,23,1,0
BRDA:167,24,0,1
BRDA:167,24,1,1
BRDA:172,25,0,0
BRDA:172,25,1,0
BRDA:172,26,0,0
BRDA:172,26,1,0
BRDA:176,27,0,0
BRDA:176,27,1,0
BRDA:186,28,0,0
BRDA:186,28,1,0
BRDA:195,29,0,0
BRDA:195,29,1,0
BRDA:224,30,0,2
BRDA:224,30,1,3
BRDA:224,31,0,5
BRDA:224,31,1,2
BRDA:240,32,0,0
BRDA:240,32,1,0
BRDA:240,33,0,0
BRDA:240,33,1,0
BRDA:245,34,0,0
BRDA:245,34,1,0
BRDA:249,35,0,0
BRDA:249,35,1,0
BRDA:249,36,0,0
BRDA:249,36,1,0
BRDA:262,37,0,0
BRDA:262,37,1,0
BRDA:262,38,0,0
BRDA:262,38,1,0
BRDA:270,39,0,0
BRDA:270,39,1,0
BRDA:288,40,0,0
BRDA:288,40,1,0
BRDA:316,41,0,0
BRDA:316,41,1,0
BRDA:322,42,0,0
BRDA:322,42,1,0
BRDA:332,43,0,0
BRDA:332,43,1,0
BRDA:332,44,0,0
BRDA:332,44,1,0
BRDA:340,45,0,0
BRDA:340,45,1,0
BRDA:340,46,0,0
BRDA:340,46,1,0
BRDA:341,47,0,0
BRDA:341,47,1,0
BRDA:357,48,0,0
BRDA:357,48,1,0
BRDA:357,49,0,0
BRDA:357,49,1,0
BRDA:362,50,0,0
BRDA:362,50,1,0
BRDA:364,51,0,0
BRDA:364,51,1,0
BRDA:385,52,0,12
BRDA:385,52,1,12
BRDA:385,52,2,12
BRDA:385,52,3,12
BRDA:385,52,4,10
BRDA:385,52,5,10
BRDA:385,53,0,0
BRDA:385,53,1,12
BRDA:394,54,0,0
BRDA:394,54,1,3
BRDA:397,55,0,0
BRDA:397,55,1,0
BRDA:397,56,0,0
BRDA:397,56,1,0
BRDA:403,57,0,0
BRDA:403,57,1,0
BRDA:431,58,0,0
BRDA:431,58,1,0
BRDA:431,59,0,0
BRDA:431,59,1,0
BRDA:432,60,0,0
BRDA:432,60,1,0
BRDA:433,61,0,0
BRDA:433,61,1,0
BRDA:434,62,0,0
BRDA:434,62,1,0
BRDA:435,63,0,0
BRDA:435,63,1,0
BRDA:436,64,0,0
BRDA:436,64,1,0
BRDA:437,65,0,0
BRDA:437,65,1,0
BRDA:442,66,0,0
BRDA:442,66,1,0
BRDA:444,67,0,0
BRDA:444,67,1,0
BRDA:444,68,0,0
BRDA:444,68,1,0
BRDA:460,69,0,0
BRDA:460,69,1,0
BRDA:473,70,0,0
BRDA:473,70,1,0
BRDA:496,71,0,0
BRDA:496,71,1,0
BRDA:496,72,0,0
BRDA:496,72,1,0
BRDA:512,73,0,0
BRDA:512,73,1,0
BRDA:515,74,0,0
BRDA:515,74,1,0
BRDA:517,75,0,0
BRDA:517,75,1,0
BRDA:523,76,0,0
BRDA:523,76,1,0
BRDA:534,77,0,0
BRDA:534,77,1,0
BRDA:534,78,0,0
BRDA:534,78,1,0
BRDA:569,79,0,0
BRDA:569,79,1,0
BRDA:569,80,0,0
BRDA:569,80,1,0
BRDA:586,81,0,0
BRDA:586,81,1,0
BRDA:586,82,0,0
BRDA:586,82,1,0
BRDA:625,83,0,0
BRDA:625,83,1,0
BRDA:628,84,0,0
BRDA:628,84,1,0
BRDA:636,85,0,0
BRDA:636,85,1,0
BRDA:653,86,0,0
BRDA:653,86,1,0
BRDA:655,87,0,0
BRDA:655,87,1,0
BRDA:667,88,0,0
BRDA:667,88,1,0
BRDA:683,89,0,0
BRDA:683,89,1,0
BRDA:683,90,0,0
BRDA:683,90,1,0
BRDA:684,91,0,0
BRDA:684,91,1,0
BRDA:688,92,0,0
BRDA:688,92,1,0
BRDA:688,93,0,0
BRDA:688,93,1,0
BRDA:708,94,0,0
BRDA:708,94,1,0
BRDA:713,95,0,0
BRDA:713,95,1,0
BRDA:738,96,0,0
BRDA:738,96,1,0
BRDA:744,97,0,0
BRDA:744,97,1,0
BRDA:753,98,0,0
BRDA:753,98,1,0
BRDA:766,99,0,0
BRDA:766,99,1,0
BRDA:768,100,0,0
BRDA:768,100,1,0
BRDA:779,101,0,0
BRDA:779,101,1,0
BRDA:790,102,0,0
BRDA:790,102,1,0
BRDA:801,103,0,0
BRDA:801,103,1,0
BRDA:812,104,0,0
BRDA:812,104,1,0
BRDA:826,105,0,0
BRDA:826,105,1,0
BRDA:833,106,0,0
BRDA:833,106,1,0
BRDA:833,107,0,0
BRDA:833,107,1,0
BRDA:839,108,0,0
BRDA:839,108,1,0
BRDA:849,109,0,0
BRDA:849,109,1,0
BRDA:849,110,0,0
BRDA:849,110,1,0
BRDA:854,111,0,0
BRDA:854,111,1,0
BRDA:854,112,0,0
BRDA:854,112,1,0
BRDA:854,112,2,0
BRF:231
BRH:50
end_of_record
